[debug] [2025-09-23T19:03:09.681Z] ----------------------------------------------------------------------
[debug] [2025-09-23T19:03:09.684Z] Command:       C:\Program Files\nodejs\node.exe C:\Users\willr\AppData\Roaming\npm\node_modules\firebase-tools\lib\bin\firebase.js init
[debug] [2025-09-23T19:03:09.685Z] CLI Version:   14.17.0
[debug] [2025-09-23T19:03:09.685Z] Platform:      win32
[debug] [2025-09-23T19:03:09.685Z] Node Version:  v22.15.0
[debug] [2025-09-23T19:03:09.685Z] Time:          Tue Sep 23 2025 20:03:09 GMT+0100 (British Summer Time)
[debug] [2025-09-23T19:03:09.686Z] ----------------------------------------------------------------------
[debug] 
[debug] [2025-09-23T19:03:09.688Z] >>> [apiv2][query] GET https://firebase-public.firebaseio.com/cli.json [none]
[debug] [2025-09-23T19:03:09.742Z] > command requires scopes: ["email","openid","https://www.googleapis.com/auth/cloudplatformprojects.readonly","https://www.googleapis.com/auth/firebase","https://www.googleapis.com/auth/cloud-platform"]
[debug] [2025-09-23T19:03:09.742Z] > authorizing via signed-in user (willrichardson182@gmail.com)
[info] 
     ######## #### ########  ######## ########     ###     ######  ########
     ##        ##  ##     ## ##       ##     ##  ##   ##  ##       ##
     ######    ##  ########  ######   ########  #########  ######  ######
     ##        ##  ##    ##  ##       ##     ## ##     ##       ## ##
     ##       #### ##     ## ######## ########  ##     ##  ######  ########

You're about to initialize a Firebase project in this directory:

  C:\Users\willr\Documents\Coding\Javascript\slaters-windows

[debug] [2025-09-23T19:03:10.019Z] <<< [apiv2][status] GET https://firebase-public.firebaseio.com/cli.json 200
[debug] [2025-09-23T19:03:10.020Z] <<< [apiv2][body] GET https://firebase-public.firebaseio.com/cli.json {"cloudBuildErrorAfter":1594252800000,"cloudBuildWarnAfter":1590019200000,"defaultNode10After":1594252800000,"minVersion":"3.0.5","node8DeploysDisabledAfter":1613390400000,"node8RuntimeDisabledAfter":1615809600000,"node8WarnAfter":1600128000000}
[info] 
=== Project Setup
[info] 
[info] First, let's associate this project directory with a Firebase project.
[info] You can create multiple project aliases by running firebase use --add, 
[info] but for now we'll just set up a default project.
[info] 
[debug] [2025-09-23T19:04:51.746Z] ExitPromptError: User force closed the prompt with SIGINT
    at Interface.sigint (C:\Users\willr\AppData\Roaming\npm\node_modules\firebase-tools\node_modules\@inquirer\core\dist\commonjs\lib\create-prompt.js:101:37)
    at Interface.emit (node:events:518:28)
    at Interface.emit (node:domain:489:12)
    at [_ttyWrite] [as _ttyWrite] (node:internal/readline/interface:1128:18)
    at ReadStream.onkeypress (node:internal/readline/interface:267:20)
    at ReadStream.emit (node:events:530:35)
    at ReadStream.emit (node:domain:489:12)
    at emitKeys (node:internal/readline/utils:370:14)
    at emitKeys.next (<anonymous>)
    at ReadStream.onData (node:internal/readline/emitKeypressEvents:64:36)
[error] 
[error] Error: An unexpected error has occurred.
[debug] [2025-09-23T19:05:26.843Z] ----------------------------------------------------------------------
[debug] [2025-09-23T19:05:26.846Z] Command:       C:\Program Files\nodejs\node.exe C:\Users\willr\AppData\Roaming\npm\node_modules\firebase-tools\lib\bin\firebase.js init
[debug] [2025-09-23T19:05:26.847Z] CLI Version:   14.17.0
[debug] [2025-09-23T19:05:26.847Z] Platform:      win32
[debug] [2025-09-23T19:05:26.847Z] Node Version:  v22.15.0
[debug] [2025-09-23T19:05:26.847Z] Time:          Tue Sep 23 2025 20:05:26 GMT+0100 (British Summer Time)
[debug] [2025-09-23T19:05:26.847Z] ----------------------------------------------------------------------
[debug] 
[debug] [2025-09-23T19:05:26.854Z] > command requires scopes: ["email","openid","https://www.googleapis.com/auth/cloudplatformprojects.readonly","https://www.googleapis.com/auth/firebase","https://www.googleapis.com/auth/cloud-platform"]
[debug] [2025-09-23T19:05:26.854Z] > authorizing via signed-in user (willrichardson182@gmail.com)
[info] 
     ######## #### ########  ######## ########     ###     ######  ########
     ##        ##  ##     ## ##       ##     ##  ##   ##  ##       ##
     ######    ##  ########  ######   ########  #########  ######  ######
     ##        ##  ##    ##  ##       ##     ## ##     ##       ## ##
     ##       #### ##     ## ######## ########  ##     ##  ######  ########

You're about to initialize a Firebase project in this directory:

  C:\Users\willr\Documents\Coding\Javascript\slaters-windows

[info] 
=== Project Setup
[info] 
[info] First, let's associate this project directory with a Firebase project.
[info] You can create multiple project aliases by running firebase use --add, 
[info] but for now we'll just set up a default project.
[info] 
[debug] [2025-09-23T19:05:31.768Z] Checked if tokens are valid: false, expires at: 1701355358112
[debug] [2025-09-23T19:05:31.769Z] Checked if tokens are valid: false, expires at: 1701355358112
[debug] [2025-09-23T19:05:31.769Z] > refreshing access token with scopes: []
[debug] [2025-09-23T19:05:31.771Z] >>> [apiv2][query] POST https://www.googleapis.com/oauth2/v3/token [none]
[debug] [2025-09-23T19:05:31.771Z] >>> [apiv2][body] POST https://www.googleapis.com/oauth2/v3/token [omitted]
[debug] [2025-09-23T19:05:31.972Z] <<< [apiv2][status] POST https://www.googleapis.com/oauth2/v3/token 400
[debug] [2025-09-23T19:05:31.972Z] <<< [apiv2][body] POST https://www.googleapis.com/oauth2/v3/token [omitted]
[debug] [2025-09-23T19:05:31.973Z] >>> [apiv2][query] GET https://firebase.googleapis.com/v1beta1/projects pageSize=100
[debug] [2025-09-23T19:05:32.087Z] <<< [apiv2][status] GET https://firebase.googleapis.com/v1beta1/projects 401
[debug] [2025-09-23T19:05:32.087Z] <<< [apiv2][body] GET https://firebase.googleapis.com/v1beta1/projects [omitted]
[debug] [2025-09-23T19:05:32.087Z] Got a 401 Unauthenticated error for a call that required authentication. Refreshing tokens.
[debug] [2025-09-23T19:05:32.088Z] Checked if tokens are valid: false, expires at: 1701355358112
[debug] [2025-09-23T19:05:32.088Z] Checked if tokens are valid: false, expires at: 1701355358112
[debug] [2025-09-23T19:05:32.088Z] > refreshing access token with scopes: []
[debug] [2025-09-23T19:05:32.090Z] >>> [apiv2][query] POST https://www.googleapis.com/oauth2/v3/token [none]
[debug] [2025-09-23T19:05:32.091Z] >>> [apiv2][body] POST https://www.googleapis.com/oauth2/v3/token [omitted]
[debug] [2025-09-23T19:05:32.149Z] <<< [apiv2][status] POST https://www.googleapis.com/oauth2/v3/token 400
[debug] [2025-09-23T19:05:32.150Z] <<< [apiv2][body] POST https://www.googleapis.com/oauth2/v3/token [omitted]
[debug] [2025-09-23T19:05:32.150Z] Request to https://firebase.googleapis.com/v1beta1/projects?pageSize=100 had HTTP Error: 401, Request had invalid authentication credentials. Expected OAuth 2 access token, login cookie or other valid authentication credential. See https://developers.google.com/identity/sign-in/web/devconsole-project.
[debug] [2025-09-23T19:05:32.242Z] FirebaseError: Request to https://firebase.googleapis.com/v1beta1/projects?pageSize=100 had HTTP Error: 401, Request had invalid authentication credentials. Expected OAuth 2 access token, login cookie or other valid authentication credential. See https://developers.google.com/identity/sign-in/web/devconsole-project.
    at responseToError (C:\Users\willr\AppData\Roaming\npm\node_modules\firebase-tools\lib\responseToError.js:52:12)
    at RetryOperation._fn (C:\Users\willr\AppData\Roaming\npm\node_modules\firebase-tools\lib\apiv2.js:312:77)
    at process.processTicksAndRejections (node:internal/process/task_queues:105:5)
[error] 
[error] Error: Failed to list Firebase projects. See firebase-debug.log for more info.
